[11363][AllCompiler/Sup/Support/Support.cpp:77]: Err: NULL file
[8372][Sup/Support/Support.cpp:77]: Err: NULL file
[8848][Sup/Support/Support.cpp:77]: Err: NULL file
[9429][Front/Token/TokenFunc.cpp:62]: Err: UNKNOWN SYNTAX
[9197][Front/Token/TokenFunc.cpp:62]: Err: UNKNOWN SYNTAX
[8753][Front/Token/TokenFunc.cpp:62]: Err: UNKNOWN SYNTAX
[9623][Front/Parser/ParserFunc.cpp:544]: Err: Syntax Error
[9689][Front/Parser/ParserFunc.cpp:80]: Err: Syntax Error
[9940][Front/Parser/ParserFunc.cpp:544]: Err: Syntax Error
[9999][Front/Parser/ParserFunc.cpp:80]: Err: Syntax Error
[9563][Front/Parser/ParserFunc.cpp:544]: Err: Syntax Error
[9621][Front/Parser/ParserFunc.cpp:80]: Err: Syntax Error
[9701][Front/Parser/ParserFunc.cpp:544]: Err: Syntax Error
[9781][Front/Parser/ParserFunc.cpp:80]: Err: Syntax Error
[9378][Front/Parser/ParserFunc.cpp:544]: Err: Syntax Error
[9436][Front/Parser/ParserFunc.cpp:80]: Err: Syntax Error
[9465][Front/Parser/ParserFunc.cpp:545]: Err: Syntax Error
[9532][Front/Parser/ParserFunc.cpp:80]: Err: Syntax Error
[8882][Front/Parser/ParserFunc.cpp:545]: Err: Syntax Error
[9220][Front/Parser/ParserFunc.cpp:80]: Err: Syntax Error
[9707][Front/Parser/ParserFunc.cpp:544]: Err: Syntax Error
[9765][Front/Parser/ParserFunc.cpp:80]: Err: Syntax Error
[9669][Front/Parser/ParserFunc.cpp:544]: Err: Syntax Error
[9931][Front/Parser/ParserFunc.cpp:80]: Err: Syntax Error
[9111][Front/Parser/ParserFunc.cpp:544]: Err: Syntax Error
[9212][Front/Parser/ParserFunc.cpp:80]: Err: Syntax Error
[9110][Front/Parser/ParserFunc.cpp:545]: Err: Syntax Error
[9386][Front/Parser/ParserFunc.cpp:80]: Err: Syntax Error
[8856][Front/Parser/ParserFunc.cpp:544]: Err: Syntax Error
[9138][Front/Parser/ParserFunc.cpp:80]: Err: Syntax Error
[9486][Front/Parser/ParserFunc.cpp:552]: Err: Syntax Error
[9548][Front/Parser/ParserFunc.cpp:80]: Err: Syntax Error
[9849][Front/Parser/ParserFunc.cpp:552]: Err: Syntax Error
[9916][Front/Parser/ParserFunc.cpp:80]: Err: Syntax Error
[9440][Front/Parser/ParserFunc.cpp:552]: Err: Syntax Error
[9502][Front/Parser/ParserFunc.cpp:80]: Err: Syntax Error
[9399][Front/Parser/ParserFunc.cpp:632]: Err: Syntax Error
[9453][Front/Parser/ParserFunc.cpp:80]: Err: Syntax Error
[9911][Front/Parser/ParserFunc.cpp:632]: Err: Syntax Error
[9962][Front/Parser/ParserFunc.cpp:80]: Err: Syntax Error
[8780][Front/Token/TokenFunc.cpp:62]: Err: UNKNOWN SYNTAX
[9513][Front/Parser/ParserFunc.cpp:632]: Err: Syntax Error
[9606][Front/Token/TokenFunc.cpp:62]: Err: UNKNOWN SYNTAX
[10118][Front/Parser/ParserFunc.cpp:632]: Err: Syntax Error
[9289][Front/Token/TokenFunc.cpp:62]: Err: UNKNOWN SYNTAX
[9812][Front/Parser/ParserFunc.cpp:632]: Err: Syntax Error
[9943][Front/Token/TokenFunc.cpp:62]: Err: UNKNOWN SYNTAX
[10542][Front/Parser/ParserFunc.cpp:634]: Err: Syntax Error
[8892][Front/Token/TokenFunc.cpp:62]: Err: UNKNOWN SYNTAX
[9378][Front/Parser/ParserFunc.cpp:634]: Err: Syntax Error
[8720][Front/Token/TokenFunc.cpp:62]: Err: UNKNOWN SYNTAX
[9242][Front/Parser/ParserFunc.cpp:634]: Err: Syntax Error
[8595][Front/Token/TokenFunc.cpp:62]: Err: UNKNOWN SYNTAX
[9277][Front/Parser/ParserFunc.cpp:635]: Err: Syntax Error
[9320][Front/Token/TokenFunc.cpp:62]: Err: UNKNOWN SYNTAX
[9984][Front/Parser/ParserFunc.cpp:634]: Err: Syntax Error
[9314][Front/Token/TokenFunc.cpp:62]: Err: UNKNOWN SYNTAX
[10080][Front/Parser/ParserFunc.cpp:634]: Err: Syntax Error
[9533][Front/Parser/ParserFunc.cpp:812]: Err: Syntax Error
[9586][Front/Parser/ParserFunc.cpp:752]: Err: Syntax Error
[9613][Front/Parser/ParserFunc.cpp:709]: Err: Syntax Error
[9832][Front/Parser/ParserFunc.cpp:661]: Err: Syntax Error
[9859][Front/Parser/ParserFunc.cpp:629]: Err: Syntax Error
[9889][Front/Parser/ParserFunc.cpp:80]: Err: Syntax Error
[9904][Front/Parser/ParserFunc.cpp:603]: Err: Syntax Error
[9989][Front/Parser/ParserFunc.cpp:80]: Err: Syntax Error
[9675][Front/Parser/ParserFunc.cpp:604]: Err: Syntax Error
[9735][Front/Parser/ParserFunc.cpp:80]: Err: Syntax Error
[9666][Front/Parser/ParserFunc.cpp:605]: Err: Syntax Error
[9923][Front/Parser/ParserFunc.cpp:80]: Err: Syntax Error
[10699][Front/Parser/ParserFunc.cpp:604]: Err: Syntax Error
[10796][Front/Parser/ParserFunc.cpp:80]: Err: Syntax Error
[9623][Front/Parser/ParserFunc.cpp:604]: Err: Syntax Error
[9677][Front/Parser/ParserFunc.cpp:80]: Err: Syntax Error
[9338][Front/Parser/ParserFunc.cpp:604]: Err: Syntax Error
[9394][Front/Parser/ParserFunc.cpp:80]: Err: Syntax Error
[9205][Front/Parser/ParserFunc.cpp:604]: Err: Syntax Error
[9270][Front/Parser/ParserFunc.cpp:80]: Err: Syntax Error
[9738][Front/Parser/ParserFunc.cpp:604]: Err: Syntax Error
[9791][Front/Parser/ParserFunc.cpp:80]: Err: Syntax Error
[9259][Front/Parser/ParserFunc.cpp:604]: Err: Syntax Error
[9317][Front/Parser/ParserFunc.cpp:80]: Err: Syntax Error
[9629][Front/Parser/ParserFunc.cpp:604]: Err: Syntax Error
[9698][Front/Parser/ParserFunc.cpp:80]: Err: Syntax Error
[9669][Front/Parser/ParserFunc.cpp:606]: Err: Syntax Error
[9730][Front/Parser/ParserFunc.cpp:80]: Err: Syntax Error
[10448][Front/Parser/ParserFunc.cpp:605]: Err: Syntax Error
[10516][Front/Parser/ParserFunc.cpp:80]: Err: Syntax Error
[9488][Front/Parser/ParserFunc.cpp:251]: Err: Syntax Error
[9745][Front/Parser/ParserFunc.cpp:146]: Err: Syntax Error
[9774][Front/Parser/ParserFunc.cpp:558]: Err: Syntax Error
[9805][Front/Parser/ParserFunc.cpp:307]: Err: Syntax Error
[9831][Front/Parser/ParserFunc.cpp:65]: Err: Syntax Error
[9581][AllCompiler/Front/Parser/ParserFunc.cpp:754]: Err: Syntax Error
[9687][AllCompiler/Front/Parser/ParserFunc.cpp:711]: Err: Syntax Error
[9720][AllCompiler/Front/Parser/ParserFunc.cpp:666]: Err: Syntax Error
[9980][AllCompiler/Front/Parser/ParserFunc.cpp:623]: Err: Syntax Error
[10009][AllCompiler/Front/Parser/ParserFunc.cpp:581]: Err: Syntax Error
[10037][AllCompiler/Front/Parser/ParserFunc.cpp:539]: Err: Syntax Error
[9881][AllCompiler/Front/Parser/ParserFunc.cpp:754]: Err: Syntax Error
[9945][AllCompiler/Front/Parser/ParserFunc.cpp:711]: Err: Syntax Error
[9970][AllCompiler/Front/Parser/ParserFunc.cpp:666]: Err: Syntax Error
[10003][AllCompiler/Front/Parser/ParserFunc.cpp:623]: Err: Syntax Error
[10036][AllCompiler/Front/Parser/ParserFunc.cpp:581]: Err: Syntax Error
[10062][AllCompiler/Front/Parser/ParserFunc.cpp:539]: Err: Syntax Error
[16040][AllCompiler/Front/Parser/ParserFunc.cpp:755]: Err: Syntax Error
[16121][AllCompiler/Front/Parser/ParserFunc.cpp:712]: Err: Syntax Error
[16160][AllCompiler/Front/Parser/ParserFunc.cpp:667]: Err: Syntax Error
[16194][AllCompiler/Front/Parser/ParserFunc.cpp:624]: Err: Syntax Error
[16643][AllCompiler/Front/Parser/ParserFunc.cpp:582]: Err: Syntax Error
[16695][AllCompiler/Front/Parser/ParserFunc.cpp:540]: Err: Syntax Error
[10319][AllCompiler/Front/Parser/ParserFunc.cpp:755]: Err: Syntax Error
[10416][AllCompiler/Front/Parser/ParserFunc.cpp:712]: Err: Syntax Error
[10458][AllCompiler/Front/Parser/ParserFunc.cpp:667]: Err: Syntax Error
[10487][AllCompiler/Front/Parser/ParserFunc.cpp:624]: Err: Syntax Error
[10519][AllCompiler/Front/Parser/ParserFunc.cpp:582]: Err: Syntax Error
[10549][AllCompiler/Front/Parser/ParserFunc.cpp:540]: Err: Syntax Error
[14209][AllCompiler/Front/Parser/ParserFunc.cpp:755]: Err: Syntax Error
[14328][AllCompiler/Front/Parser/ParserFunc.cpp:712]: Err: Syntax Error
[14372][AllCompiler/Front/Parser/ParserFunc.cpp:667]: Err: Syntax Error
[14413][AllCompiler/Front/Parser/ParserFunc.cpp:624]: Err: Syntax Error
[14464][AllCompiler/Front/Parser/ParserFunc.cpp:582]: Err: Syntax Error
[14516][AllCompiler/Front/Parser/ParserFunc.cpp:540]: Err: Syntax Error
[15731][AllCompiler/Front/Parser/ParserFunc.cpp:756]: Err: Syntax Error
[15849][AllCompiler/Front/Parser/ParserFunc.cpp:713]: Err: Syntax Error
[15915][AllCompiler/Front/Parser/ParserFunc.cpp:668]: Err: Syntax Error
[15987][AllCompiler/Front/Parser/ParserFunc.cpp:624]: Err: Syntax Error
[16032][AllCompiler/Front/Parser/ParserFunc.cpp:582]: Err: Syntax Error
[16098][AllCompiler/Front/Parser/ParserFunc.cpp:540]: Err: Syntax Error
[13100][AllCompiler/Front/Parser/ParserFunc.cpp:756]: Err: Syntax Error
[13561][AllCompiler/Front/Parser/ParserFunc.cpp:713]: Err: Syntax Error
[13591][AllCompiler/Front/Parser/ParserFunc.cpp:668]: Err: Syntax Error
[13647][AllCompiler/Front/Parser/ParserFunc.cpp:624]: Err: Syntax Error
[13687][AllCompiler/Front/Parser/ParserFunc.cpp:582]: Err: Syntax Error
[13717][AllCompiler/Front/Parser/ParserFunc.cpp:540]: Err: Syntax Error
[15278][AllCompiler/Front/Parser/ParserFunc.cpp:757]: Err: Syntax Error
[15810][AllCompiler/Front/Parser/ParserFunc.cpp:714]: Err: Syntax Error
[15857][AllCompiler/Front/Parser/ParserFunc.cpp:669]: Err: Syntax Error
[15912][AllCompiler/Front/Parser/ParserFunc.cpp:624]: Err: Syntax Error
[15961][AllCompiler/Front/Parser/ParserFunc.cpp:582]: Err: Syntax Error
[16006][AllCompiler/Front/Parser/ParserFunc.cpp:540]: Err: Syntax Error
[15175][AllCompiler/Front/Parser/ParserFunc.cpp:756]: Err: Syntax Error
[15776][AllCompiler/Front/Parser/ParserFunc.cpp:713]: Err: Syntax Error
[15823][AllCompiler/Front/Parser/ParserFunc.cpp:668]: Err: Syntax Error
[15881][AllCompiler/Front/Parser/ParserFunc.cpp:624]: Err: Syntax Error
[15945][AllCompiler/Front/Parser/ParserFunc.cpp:582]: Err: Syntax Error
[16001][AllCompiler/Front/Parser/ParserFunc.cpp:540]: Err: Syntax Error
[14665][AllCompiler/Front/Parser/ParserFunc.cpp:756]: Err: Syntax Error
[14775][AllCompiler/Front/Parser/ParserFunc.cpp:713]: Err: Syntax Error
[14831][AllCompiler/Front/Parser/ParserFunc.cpp:668]: Err: Syntax Error
[14873][AllCompiler/Front/Parser/ParserFunc.cpp:624]: Err: Syntax Error
[14924][AllCompiler/Front/Parser/ParserFunc.cpp:582]: Err: Syntax Error
[14965][AllCompiler/Front/Parser/ParserFunc.cpp:540]: Err: Syntax Error
[14791][AllCompiler/Front/Parser/ParserFunc.cpp:756]: Err: Syntax Error
[15271][AllCompiler/Front/Parser/ParserFunc.cpp:713]: Err: Syntax Error
[15311][AllCompiler/Front/Parser/ParserFunc.cpp:668]: Err: Syntax Error
[15359][AllCompiler/Front/Parser/ParserFunc.cpp:624]: Err: Syntax Error
[15411][AllCompiler/Front/Parser/ParserFunc.cpp:582]: Err: Syntax Error
[15447][AllCompiler/Front/Parser/ParserFunc.cpp:540]: Err: Syntax Error
[14860][AllCompiler/Front/Parser/ParserFunc.cpp:757]: Err: Syntax Error
[14977][AllCompiler/Front/Parser/ParserFunc.cpp:714]: Err: Syntax Error
[15042][AllCompiler/Front/Parser/ParserFunc.cpp:669]: Err: Syntax Error
[15111][AllCompiler/Front/Parser/ParserFunc.cpp:625]: Err: Syntax Error
[15174][AllCompiler/Front/Parser/ParserFunc.cpp:583]: Err: Syntax Error
[15240][AllCompiler/Front/Parser/ParserFunc.cpp:541]: Err: Syntax Error
[16183][AllCompiler/Front/Parser/ParserFunc.cpp:759]: Err: Syntax Error
[16315][AllCompiler/Front/Parser/ParserFunc.cpp:716]: Err: Syntax Error
[16352][AllCompiler/Front/Parser/ParserFunc.cpp:671]: Err: Syntax Error
[16402][AllCompiler/Front/Parser/ParserFunc.cpp:627]: Err: Syntax Error
[16461][AllCompiler/Front/Parser/ParserFunc.cpp:585]: Err: Syntax Error
[16517][AllCompiler/Front/Parser/ParserFunc.cpp:543]: Err: Syntax Error
[16560][AllCompiler/Front/Parser/ParserFunc.cpp:136]: Err: Syntax Error
[16629][AllCompiler/Front/Parser/ParserFunc.cpp:258]: Err: Syntax Error
[16679][AllCompiler/Front/Parser/ParserFunc.cpp:759]: Err: Syntax Error
[16755][AllCompiler/Front/Parser/ParserFunc.cpp:716]: Err: Syntax Error
[16794][AllCompiler/Front/Parser/ParserFunc.cpp:671]: Err: Syntax Error
[16852][AllCompiler/Front/Parser/ParserFunc.cpp:627]: Err: Syntax Error
[16893][AllCompiler/Front/Parser/ParserFunc.cpp:585]: Err: Syntax Error
[16926][AllCompiler/Front/Parser/ParserFunc.cpp:543]: Err: Syntax Error
[16972][AllCompiler/Front/Parser/ParserFunc.cpp:82]: Err: Syntax Error
[16538][AllCompiler/Front/Parser/ParserFunc.cpp:759]: Err: Syntax Error
[17194][AllCompiler/Front/Parser/ParserFunc.cpp:716]: Err: Syntax Error
[17235][AllCompiler/Front/Parser/ParserFunc.cpp:671]: Err: Syntax Error
[17285][AllCompiler/Front/Parser/ParserFunc.cpp:627]: Err: Syntax Error
[17341][AllCompiler/Front/Parser/ParserFunc.cpp:585]: Err: Syntax Error
[17388][AllCompiler/Front/Parser/ParserFunc.cpp:543]: Err: Syntax Error
[17424][AllCompiler/Front/Parser/ParserFunc.cpp:136]: Err: Syntax Error
[17478][AllCompiler/Front/Parser/ParserFunc.cpp:258]: Err: Syntax Error
[17520][AllCompiler/Front/Parser/ParserFunc.cpp:759]: Err: Syntax Error
[17601][AllCompiler/Front/Parser/ParserFunc.cpp:716]: Err: Syntax Error
[17675][AllCompiler/Front/Parser/ParserFunc.cpp:671]: Err: Syntax Error
[17725][AllCompiler/Front/Parser/ParserFunc.cpp:627]: Err: Syntax Error
[17764][AllCompiler/Front/Parser/ParserFunc.cpp:585]: Err: Syntax Error
[17808][AllCompiler/Front/Parser/ParserFunc.cpp:543]: Err: Syntax Error
[17863][AllCompiler/Front/Parser/ParserFunc.cpp:82]: Err: Syntax Error
[15936][AllCompiler/Front/Parser/ParserFunc.cpp:761]: Err: Syntax Error
[16059][AllCompiler/Front/Parser/ParserFunc.cpp:718]: Err: Syntax Error
[16105][AllCompiler/Front/Parser/ParserFunc.cpp:673]: Err: Syntax Error
[16744][AllCompiler/Front/Parser/ParserFunc.cpp:629]: Err: Syntax Error
[16796][AllCompiler/Front/Parser/ParserFunc.cpp:587]: Err: Syntax Error
[16856][AllCompiler/Front/Parser/ParserFunc.cpp:545]: Err: Syntax Error
[16925][AllCompiler/Front/Parser/ParserFunc.cpp:136]: Err: Syntax Error
[16969][AllCompiler/Front/Parser/ParserFunc.cpp:258]: Err: Syntax Error
[17025][AllCompiler/Front/Parser/ParserFunc.cpp:761]: Err: Syntax Error
[17092][AllCompiler/Front/Parser/ParserFunc.cpp:718]: Err: Syntax Error
[17135][AllCompiler/Front/Parser/ParserFunc.cpp:673]: Err: Syntax Error
[17188][AllCompiler/Front/Parser/ParserFunc.cpp:629]: Err: Syntax Error
[17232][AllCompiler/Front/Parser/ParserFunc.cpp:587]: Err: Syntax Error
[17276][AllCompiler/Front/Parser/ParserFunc.cpp:545]: Err: Syntax Error
[17320][AllCompiler/Front/Parser/ParserFunc.cpp:82]: Err: Syntax Error
